// Output created by jacc on Mon Mar 07 01:46:10 PST 2016

state 0 (entry on program)
    $accept : _program $end
    stmts : _    (3)

    PRINT reduce 3
    ';' reduce 3
    IDENT reduce 3
    '-' reduce 3
    '+' reduce 3
    '(' reduce 3
    INTLIT reduce 3
    FOR reduce 3
    '!' reduce 3
    INT reduce 3
    '{' reduce 3
    WHILE reduce 3
    TRUE reduce 3
    IF reduce 3
    FALSE reduce 3
    '~' reduce 3
    $end reduce 3
    BOOLEAN reduce 3
    . error

    program goto 1
    stmts goto 2

state 1 (entry on program)
    $accept : program_$end

    $end accept
    . error

state 2 (entry on stmts)
    program : stmts_    (1)
    stepStmt : _    (13)
    stmts : stmts_stmt    (2)

    BOOLEAN shift 21
    FALSE shift 22
    FOR shift 23
    IDENT shift 24
    IF shift 25
    INT shift 26
    INTLIT shift 27
    PRINT shift 28
    TRUE shift 29
    WHILE shift 30
    '!' shift 31
    '(' shift 32
    '+' shift 33
    '-' shift 34
    '{' shift 35
    '~' shift 36
    $end reduce 1
    ';' reduce 13
    . error

    band goto 3
    block goto 4
    bor goto 5
    bxor goto 6
    eql goto 7
    expr goto 8
    initStmt goto 9
    land goto 10
    lor goto 11
    mult goto 12
    primary goto 13
    add goto 14
    rel goto 15
    stepStmt goto 16
    stmt goto 17
    type goto 18
    unary goto 19
    varDecl goto 20

state 3 (entry on band)
    band : band_'&' eql    (35)
    bxor : band_    (34)

    '&' shift 37
    ';' reduce 34
    ',' reduce 34
    LOR reduce 34
    ')' reduce 34
    LAND reduce 34
    '|' reduce 34
    '^' reduce 34
    ']' reduce 34
    . error

state 4 (entry on block)
    stmt : block_    (5)

    LTE error
    '<' error
    '=' error
    '/' error
    ',' error
    ')' error
    '^' error
    '>' error
    NEQ error
    LAND error
    GTE error
    EQL error
    LOR error
    '*' error
    error error
    '|' error
    ']' error
    '[' error
    '&' error
    . reduce 5

state 5 (entry on bor)
    bor : bor_'|' bxor    (31)
    land : bor_    (30)

    '|' shift 38
    ';' reduce 30
    ',' reduce 30
    LOR reduce 30
    ')' reduce 30
    LAND reduce 30
    ']' reduce 30
    . error

state 6 (entry on bxor)
    bor : bxor_    (32)
    bxor : bxor_'^' band    (33)

    '^' shift 39
    ';' reduce 32
    ',' reduce 32
    LOR reduce 32
    ')' reduce 32
    LAND reduce 32
    '|' reduce 32
    ']' reduce 32
    . error

state 7 (entry on eql)
    band : eql_    (36)
    eql : eql_NEQ rel    (37)
    eql : eql_EQL rel    (38)

    EQL shift 40
    NEQ shift 41
    ';' reduce 36
    ',' reduce 36
    LOR reduce 36
    ')' reduce 36
    LAND reduce 36
    '&' reduce 36
    '|' reduce 36
    '^' reduce 36
    ']' reduce 36
    . error

state 8 (entry on expr)
    stepStmt : expr_    (14)

    ';' reduce 14
    ')' reduce 14
    . error

state 9 (entry on initStmt)
    stmt : initStmt_';'    (4)

    ';' shift 42
    . error

state 10 (entry on land)
    land : land_LAND bor    (29)
    lor : land_    (28)

    LAND shift 43
    ';' reduce 28
    ',' reduce 28
    LOR reduce 28
    ')' reduce 28
    ']' reduce 28
    . error

state 11 (entry on lor)
    expr : lor_    (26)
    lor : lor_LOR land    (27)

    LOR shift 44
    ';' reduce 26
    ',' reduce 26
    ')' reduce 26
    ']' reduce 26
    . error

state 12 (entry on mult)
    mult : mult_'*' unary    (48)
    mult : mult_'/' unary    (49)
    add : mult_    (47)

    '*' shift 45
    '/' shift 46
    '>' reduce 47
    ';' reduce 47
    NEQ reduce 47
    '-' reduce 47
    LTE reduce 47
    '<' reduce 47
    ',' reduce 47
    '+' reduce 47
    LOR reduce 47
    GTE reduce 47
    EQL reduce 47
    ')' reduce 47
    LAND reduce 47
    '&' reduce 47
    '|' reduce 47
    '^' reduce 47
    ']' reduce 47
    . error

state 13 (entry on primary)
    unary : primary_    (55)

    '>' reduce 55
    ';' reduce 55
    NEQ reduce 55
    '/' reduce 55
    '-' reduce 55
    LTE reduce 55
    ',' reduce 55
    '<' reduce 55
    '+' reduce 55
    LOR reduce 55
    GTE reduce 55
    EQL reduce 55
    '*' reduce 55
    ')' reduce 55
    LAND reduce 55
    '&' reduce 55
    '|' reduce 55
    '^' reduce 55
    ']' reduce 55
    . error

state 14 (entry on add)
    add : add_'+' mult    (45)
    add : add_'-' mult    (46)
    rel : add_    (44)

    '+' shift 47
    '-' shift 48
    '>' reduce 44
    '<' reduce 44
    ';' reduce 44
    NEQ reduce 44
    LTE reduce 44
    ',' reduce 44
    LOR reduce 44
    GTE reduce 44
    EQL reduce 44
    ')' reduce 44
    LAND reduce 44
    '&' reduce 44
    '|' reduce 44
    '^' reduce 44
    ']' reduce 44
    . error

state 15 (entry on rel)
    eql : rel_    (39)
    rel : rel_'<' add    (40)
    rel : rel_'>' add    (41)
    rel : rel_LTE add    (42)
    rel : rel_GTE add    (43)

    GTE shift 49
    LTE shift 50
    '<' shift 51
    '>' shift 52
    ';' reduce 39
    NEQ reduce 39
    ',' reduce 39
    LOR reduce 39
    EQL reduce 39
    ')' reduce 39
    LAND reduce 39
    '&' reduce 39
    '|' reduce 39
    '^' reduce 39
    ']' reduce 39
    . error

state 16 (entry on stepStmt)
    initStmt : stepStmt_    (12)

    ';' reduce 12
    . error

state 17 (entry on stmt)
    stmts : stmts stmt_    (2)

    PRINT reduce 2
    ';' reduce 2
    IDENT reduce 2
    '-' reduce 2
    '+' reduce 2
    '(' reduce 2
    INTLIT reduce 2
    FOR reduce 2
    '!' reduce 2
    '}' reduce 2
    INT reduce 2
    '{' reduce 2
    WHILE reduce 2
    TRUE reduce 2
    IF reduce 2
    FALSE reduce 2
    '~' reduce 2
    $end reduce 2
    BOOLEAN reduce 2
    . error

state 18 (entry on type)
    varDecl : type_varIntro    (17)

    IDENT shift 54
    . error

    varIntro goto 53

state 19 (entry on unary)
    mult : unary_    (50)

    '>' reduce 50
    ';' reduce 50
    NEQ reduce 50
    '/' reduce 50
    '-' reduce 50
    LTE reduce 50
    ',' reduce 50
    '<' reduce 50
    '+' reduce 50
    LOR reduce 50
    GTE reduce 50
    EQL reduce 50
    '*' reduce 50
    ')' reduce 50
    LAND reduce 50
    '&' reduce 50
    '|' reduce 50
    '^' reduce 50
    ']' reduce 50
    . error

state 20 (entry on varDecl)
    initStmt : varDecl_    (11)
    varDecl : varDecl_',' varIntro    (18)

    ',' shift 55
    ';' reduce 11
    . error

state 21 (entry on BOOLEAN)
    type : BOOLEAN_    (24)

    IDENT reduce 24
    . error

state 22 (entry on FALSE)
    primary : FALSE_    (58)

    '>' reduce 58
    ';' reduce 58
    NEQ reduce 58
    '/' reduce 58
    '-' reduce 58
    LTE reduce 58
    ',' reduce 58
    '<' reduce 58
    '+' reduce 58
    LOR reduce 58
    GTE reduce 58
    EQL reduce 58
    '*' reduce 58
    ')' reduce 58
    LAND reduce 58
    '&' reduce 58
    '|' reduce 58
    '^' reduce 58
    ']' reduce 58
    . error

state 23 (entry on FOR)
    stmt : FOR_'(' initStmt ';' stepStmt ';' stepStmt ')' stmt    (10)

    '(' shift 56
    . error

state 24 (entry on IDENT)
    expr : IDENT_'=' expr    (25)
    primary : IDENT_    (59)
    primary : IDENT_'[' expr ']'    (61)

    '(' error
    INTLIT error
    WHILE error
    '{' error
    '~' error
    '}' error
    $end error
    BOOLEAN error
    FOR error
    error error
    PRINT error
    IDENT error
    IF error
    TRUE error
    ELSE error
    FALSE error
    INT error
    '!' error
    '=' shift 57
    '[' shift 58
    . reduce 59

state 25 (entry on IF)
    stmt : IF_test stmt ELSE stmt    (7)
    stmt : IF_test stmt    (8)

    '(' shift 60
    . error

    test goto 59

state 26 (entry on INT)
    type : INT_    (23)

    IDENT reduce 23
    . error

state 27 (entry on INTLIT)
    primary : INTLIT_    (56)

    '>' reduce 56
    ';' reduce 56
    NEQ reduce 56
    '/' reduce 56
    '-' reduce 56
    LTE reduce 56
    ',' reduce 56
    '<' reduce 56
    '+' reduce 56
    LOR reduce 56
    GTE reduce 56
    EQL reduce 56
    '*' reduce 56
    ')' reduce 56
    LAND reduce 56
    '&' reduce 56
    '|' reduce 56
    '^' reduce 56
    ']' reduce 56
    . error

state 28 (entry on PRINT)
    stmt : PRINT_expr ';'    (9)

    FALSE shift 22
    IDENT shift 24
    INTLIT shift 27
    TRUE shift 29
    '!' shift 31
    '(' shift 32
    '+' shift 33
    '-' shift 34
    '~' shift 36
    . error

    band goto 3
    bor goto 5
    bxor goto 6
    eql goto 7
    expr goto 61
    land goto 10
    lor goto 11
    mult goto 12
    primary goto 13
    add goto 14
    rel goto 15
    unary goto 19

state 29 (entry on TRUE)
    primary : TRUE_    (57)

    '>' reduce 57
    ';' reduce 57
    NEQ reduce 57
    '/' reduce 57
    '-' reduce 57
    LTE reduce 57
    ',' reduce 57
    '<' reduce 57
    '+' reduce 57
    LOR reduce 57
    GTE reduce 57
    EQL reduce 57
    '*' reduce 57
    ')' reduce 57
    LAND reduce 57
    '&' reduce 57
    '|' reduce 57
    '^' reduce 57
    ']' reduce 57
    . error

state 30 (entry on WHILE)
    stmt : WHILE_test stmt    (6)

    '(' shift 60
    . error

    test goto 62

state 31 (entry on '!')
    unary : '!'_unary    (53)

    FALSE shift 22
    INTLIT shift 27
    TRUE shift 29
    '!' shift 31
    '(' shift 32
    '+' shift 33
    '-' shift 34
    '~' shift 36
    IDENT shift 64
    . error

    primary goto 13
    unary goto 63

state 32 (entry on '(')
    primary : '('_expr ')'    (60)

    FALSE shift 22
    IDENT shift 24
    INTLIT shift 27
    TRUE shift 29
    '!' shift 31
    '(' shift 32
    '+' shift 33
    '-' shift 34
    '~' shift 36
    . error

    band goto 3
    bor goto 5
    bxor goto 6
    eql goto 7
    expr goto 65
    land goto 10
    lor goto 11
    mult goto 12
    primary goto 13
    add goto 14
    rel goto 15
    unary goto 19

state 33 (entry on '+')
    unary : '+'_unary    (52)

    FALSE shift 22
    INTLIT shift 27
    TRUE shift 29
    '!' shift 31
    '(' shift 32
    '+' shift 33
    '-' shift 34
    '~' shift 36
    IDENT shift 64
    . error

    primary goto 13
    unary goto 66

state 34 (entry on '-')
    unary : '-'_unary    (51)

    FALSE shift 22
    INTLIT shift 27
    TRUE shift 29
    '!' shift 31
    '(' shift 32
    '+' shift 33
    '-' shift 34
    '~' shift 36
    IDENT shift 64
    . error

    primary goto 13
    unary goto 67

state 35 (entry on '{')
    block : '{'_stmts '}'    (15)
    stmts : _    (3)

    PRINT reduce 3
    ';' reduce 3
    IDENT reduce 3
    '-' reduce 3
    '+' reduce 3
    '(' reduce 3
    INTLIT reduce 3
    FOR reduce 3
    '!' reduce 3
    '}' reduce 3
    INT reduce 3
    '{' reduce 3
    WHILE reduce 3
    TRUE reduce 3
    IF reduce 3
    '~' reduce 3
    FALSE reduce 3
    BOOLEAN reduce 3
    . error

    stmts goto 68

state 36 (entry on '~')
    unary : '~'_unary    (54)

    FALSE shift 22
    INTLIT shift 27
    TRUE shift 29
    '!' shift 31
    '(' shift 32
    '+' shift 33
    '-' shift 34
    '~' shift 36
    IDENT shift 64
    . error

    primary goto 13
    unary goto 69

state 37 (entry on '&')
    band : band '&'_eql    (35)

    FALSE shift 22
    INTLIT shift 27
    TRUE shift 29
    '!' shift 31
    '(' shift 32
    '+' shift 33
    '-' shift 34
    '~' shift 36
    IDENT shift 64
    . error

    eql goto 70
    mult goto 12
    primary goto 13
    add goto 14
    rel goto 15
    unary goto 19

state 38 (entry on '|')
    bor : bor '|'_bxor    (31)

    FALSE shift 22
    INTLIT shift 27
    TRUE shift 29
    '!' shift 31
    '(' shift 32
    '+' shift 33
    '-' shift 34
    '~' shift 36
    IDENT shift 64
    . error

    band goto 3
    bxor goto 71
    eql goto 7
    mult goto 12
    primary goto 13
    add goto 14
    rel goto 15
    unary goto 19

state 39 (entry on '^')
    bxor : bxor '^'_band    (33)

    FALSE shift 22
    INTLIT shift 27
    TRUE shift 29
    '!' shift 31
    '(' shift 32
    '+' shift 33
    '-' shift 34
    '~' shift 36
    IDENT shift 64
    . error

    band goto 72
    eql goto 7
    mult goto 12
    primary goto 13
    add goto 14
    rel goto 15
    unary goto 19

state 40 (entry on EQL)
    eql : eql EQL_rel    (38)

    FALSE shift 22
    INTLIT shift 27
    TRUE shift 29
    '!' shift 31
    '(' shift 32
    '+' shift 33
    '-' shift 34
    '~' shift 36
    IDENT shift 64
    . error

    mult goto 12
    primary goto 13
    add goto 14
    rel goto 73
    unary goto 19

state 41 (entry on NEQ)
    eql : eql NEQ_rel    (37)

    FALSE shift 22
    INTLIT shift 27
    TRUE shift 29
    '!' shift 31
    '(' shift 32
    '+' shift 33
    '-' shift 34
    '~' shift 36
    IDENT shift 64
    . error

    mult goto 12
    primary goto 13
    add goto 14
    rel goto 74
    unary goto 19

state 42 (entry on ';')
    stmt : initStmt ';'_    (4)

    LTE error
    '<' error
    '=' error
    '/' error
    ',' error
    ')' error
    '^' error
    '>' error
    NEQ error
    LAND error
    GTE error
    EQL error
    LOR error
    '*' error
    error error
    '|' error
    ']' error
    '[' error
    '&' error
    . reduce 4

state 43 (entry on LAND)
    land : land LAND_bor    (29)

    FALSE shift 22
    INTLIT shift 27
    TRUE shift 29
    '!' shift 31
    '(' shift 32
    '+' shift 33
    '-' shift 34
    '~' shift 36
    IDENT shift 64
    . error

    band goto 3
    bor goto 75
    bxor goto 6
    eql goto 7
    mult goto 12
    primary goto 13
    add goto 14
    rel goto 15
    unary goto 19

state 44 (entry on LOR)
    lor : lor LOR_land    (27)

    FALSE shift 22
    INTLIT shift 27
    TRUE shift 29
    '!' shift 31
    '(' shift 32
    '+' shift 33
    '-' shift 34
    '~' shift 36
    IDENT shift 64
    . error

    band goto 3
    bor goto 5
    bxor goto 6
    eql goto 7
    land goto 76
    mult goto 12
    primary goto 13
    add goto 14
    rel goto 15
    unary goto 19

state 45 (entry on '*')
    mult : mult '*'_unary    (48)

    FALSE shift 22
    INTLIT shift 27
    TRUE shift 29
    '!' shift 31
    '(' shift 32
    '+' shift 33
    '-' shift 34
    '~' shift 36
    IDENT shift 64
    . error

    primary goto 13
    unary goto 77

state 46 (entry on '/')
    mult : mult '/'_unary    (49)

    FALSE shift 22
    INTLIT shift 27
    TRUE shift 29
    '!' shift 31
    '(' shift 32
    '+' shift 33
    '-' shift 34
    '~' shift 36
    IDENT shift 64
    . error

    primary goto 13
    unary goto 78

state 47 (entry on '+')
    add : add '+'_mult    (45)

    FALSE shift 22
    INTLIT shift 27
    TRUE shift 29
    '!' shift 31
    '(' shift 32
    '+' shift 33
    '-' shift 34
    '~' shift 36
    IDENT shift 64
    . error

    mult goto 79
    primary goto 13
    unary goto 19

state 48 (entry on '-')
    add : add '-'_mult    (46)

    FALSE shift 22
    INTLIT shift 27
    TRUE shift 29
    '!' shift 31
    '(' shift 32
    '+' shift 33
    '-' shift 34
    '~' shift 36
    IDENT shift 64
    . error

    mult goto 80
    primary goto 13
    unary goto 19

state 49 (entry on GTE)
    rel : rel GTE_add    (43)

    FALSE shift 22
    INTLIT shift 27
    TRUE shift 29
    '!' shift 31
    '(' shift 32
    '+' shift 33
    '-' shift 34
    '~' shift 36
    IDENT shift 64
    . error

    mult goto 12
    primary goto 13
    add goto 81
    unary goto 19

state 50 (entry on LTE)
    rel : rel LTE_add    (42)

    FALSE shift 22
    INTLIT shift 27
    TRUE shift 29
    '!' shift 31
    '(' shift 32
    '+' shift 33
    '-' shift 34
    '~' shift 36
    IDENT shift 64
    . error

    mult goto 12
    primary goto 13
    add goto 82
    unary goto 19

state 51 (entry on '<')
    rel : rel '<'_add    (40)

    FALSE shift 22
    INTLIT shift 27
    TRUE shift 29
    '!' shift 31
    '(' shift 32
    '+' shift 33
    '-' shift 34
    '~' shift 36
    IDENT shift 64
    . error

    mult goto 12
    primary goto 13
    add goto 83
    unary goto 19

state 52 (entry on '>')
    rel : rel '>'_add    (41)

    FALSE shift 22
    INTLIT shift 27
    TRUE shift 29
    '!' shift 31
    '(' shift 32
    '+' shift 33
    '-' shift 34
    '~' shift 36
    IDENT shift 64
    . error

    mult goto 12
    primary goto 13
    add goto 84
    unary goto 19

state 53 (entry on varIntro)
    varDecl : type varIntro_    (17)

    ';' reduce 17
    ',' reduce 17
    . error

state 54 (entry on IDENT)
    varIntro : IDENT_    (19)
    varIntro : IDENT_'=' expr    (20)

    '=' shift 85
    ';' reduce 19
    ',' reduce 19
    . error

state 55 (entry on ',')
    varDecl : varDecl ','_varIntro    (18)

    IDENT shift 54
    . error

    varIntro goto 86

state 56 (entry on '(')
    stepStmt : _    (13)
    stmt : FOR '('_initStmt ';' stepStmt ';' stepStmt ')' stmt    (10)

    BOOLEAN shift 21
    FALSE shift 22
    IDENT shift 24
    INT shift 26
    INTLIT shift 27
    TRUE shift 29
    '!' shift 31
    '(' shift 32
    '+' shift 33
    '-' shift 34
    '~' shift 36
    ';' reduce 13
    . error

    band goto 3
    bor goto 5
    bxor goto 6
    eql goto 7
    expr goto 8
    initStmt goto 87
    land goto 10
    lor goto 11
    mult goto 12
    primary goto 13
    add goto 14
    rel goto 15
    stepStmt goto 16
    type goto 18
    unary goto 19
    varDecl goto 20

state 57 (entry on '=')
    expr : IDENT '='_expr    (25)

    FALSE shift 22
    IDENT shift 24
    INTLIT shift 27
    TRUE shift 29
    '!' shift 31
    '(' shift 32
    '+' shift 33
    '-' shift 34
    '~' shift 36
    . error

    band goto 3
    bor goto 5
    bxor goto 6
    eql goto 7
    expr goto 88
    land goto 10
    lor goto 11
    mult goto 12
    primary goto 13
    add goto 14
    rel goto 15
    unary goto 19

state 58 (entry on '[')
    primary : IDENT '['_expr ']'    (61)

    FALSE shift 22
    IDENT shift 24
    INTLIT shift 27
    TRUE shift 29
    '!' shift 31
    '(' shift 32
    '+' shift 33
    '-' shift 34
    '~' shift 36
    . error

    band goto 3
    bor goto 5
    bxor goto 6
    eql goto 7
    expr goto 89
    land goto 10
    lor goto 11
    mult goto 12
    primary goto 13
    add goto 14
    rel goto 15
    unary goto 19

state 59 (entry on test)
    stepStmt : _    (13)
    stmt : IF test_stmt ELSE stmt    (7)
    stmt : IF test_stmt    (8)

    BOOLEAN shift 21
    FALSE shift 22
    FOR shift 23
    IDENT shift 24
    IF shift 25
    INT shift 26
    INTLIT shift 27
    PRINT shift 28
    TRUE shift 29
    WHILE shift 30
    '!' shift 31
    '(' shift 32
    '+' shift 33
    '-' shift 34
    '{' shift 35
    '~' shift 36
    ';' reduce 13
    . error

    band goto 3
    block goto 4
    bor goto 5
    bxor goto 6
    eql goto 7
    expr goto 8
    initStmt goto 9
    land goto 10
    lor goto 11
    mult goto 12
    primary goto 13
    add goto 14
    rel goto 15
    stepStmt goto 16
    stmt goto 90
    type goto 18
    unary goto 19
    varDecl goto 20

state 60 (entry on '(')
    test : '('_expr ')'    (16)

    FALSE shift 22
    IDENT shift 24
    INTLIT shift 27
    TRUE shift 29
    '!' shift 31
    '(' shift 32
    '+' shift 33
    '-' shift 34
    '~' shift 36
    . error

    band goto 3
    bor goto 5
    bxor goto 6
    eql goto 7
    expr goto 91
    land goto 10
    lor goto 11
    mult goto 12
    primary goto 13
    add goto 14
    rel goto 15
    unary goto 19

state 61 (entry on expr)
    stmt : PRINT expr_';'    (9)

    ';' shift 92
    . error

state 62 (entry on test)
    stepStmt : _    (13)
    stmt : WHILE test_stmt    (6)

    BOOLEAN shift 21
    FALSE shift 22
    FOR shift 23
    IDENT shift 24
    IF shift 25
    INT shift 26
    INTLIT shift 27
    PRINT shift 28
    TRUE shift 29
    WHILE shift 30
    '!' shift 31
    '(' shift 32
    '+' shift 33
    '-' shift 34
    '{' shift 35
    '~' shift 36
    ';' reduce 13
    . error

    band goto 3
    block goto 4
    bor goto 5
    bxor goto 6
    eql goto 7
    expr goto 8
    initStmt goto 9
    land goto 10
    lor goto 11
    mult goto 12
    primary goto 13
    add goto 14
    rel goto 15
    stepStmt goto 16
    stmt goto 93
    type goto 18
    unary goto 19
    varDecl goto 20

state 63 (entry on unary)
    unary : '!' unary_    (53)

    '>' reduce 53
    ';' reduce 53
    NEQ reduce 53
    '/' reduce 53
    '-' reduce 53
    LTE reduce 53
    ',' reduce 53
    '<' reduce 53
    '+' reduce 53
    LOR reduce 53
    GTE reduce 53
    EQL reduce 53
    '*' reduce 53
    ')' reduce 53
    LAND reduce 53
    '&' reduce 53
    '|' reduce 53
    '^' reduce 53
    ']' reduce 53
    . error

state 64 (entry on IDENT)
    primary : IDENT_    (59)
    primary : IDENT_'[' expr ']'    (61)

    '[' shift 58
    '>' reduce 59
    ';' reduce 59
    NEQ reduce 59
    '/' reduce 59
    '-' reduce 59
    LTE reduce 59
    ',' reduce 59
    '<' reduce 59
    '+' reduce 59
    LOR reduce 59
    GTE reduce 59
    EQL reduce 59
    '*' reduce 59
    ')' reduce 59
    LAND reduce 59
    '&' reduce 59
    '|' reduce 59
    '^' reduce 59
    ']' reduce 59
    . error

state 65 (entry on expr)
    primary : '(' expr_')'    (60)

    ')' shift 94
    . error

state 66 (entry on unary)
    unary : '+' unary_    (52)

    '>' reduce 52
    ';' reduce 52
    NEQ reduce 52
    '/' reduce 52
    '-' reduce 52
    LTE reduce 52
    ',' reduce 52
    '<' reduce 52
    '+' reduce 52
    LOR reduce 52
    GTE reduce 52
    EQL reduce 52
    '*' reduce 52
    ')' reduce 52
    LAND reduce 52
    '&' reduce 52
    '|' reduce 52
    '^' reduce 52
    ']' reduce 52
    . error

state 67 (entry on unary)
    unary : '-' unary_    (51)

    '>' reduce 51
    ';' reduce 51
    NEQ reduce 51
    '/' reduce 51
    '-' reduce 51
    LTE reduce 51
    ',' reduce 51
    '<' reduce 51
    '+' reduce 51
    LOR reduce 51
    GTE reduce 51
    EQL reduce 51
    '*' reduce 51
    ')' reduce 51
    LAND reduce 51
    '&' reduce 51
    '|' reduce 51
    '^' reduce 51
    ']' reduce 51
    . error

state 68 (entry on stmts)
    block : '{' stmts_'}'    (15)
    stepStmt : _    (13)
    stmts : stmts_stmt    (2)

    BOOLEAN shift 21
    FALSE shift 22
    FOR shift 23
    IDENT shift 24
    IF shift 25
    INT shift 26
    INTLIT shift 27
    PRINT shift 28
    TRUE shift 29
    WHILE shift 30
    '!' shift 31
    '(' shift 32
    '+' shift 33
    '-' shift 34
    '{' shift 35
    '~' shift 36
    '}' shift 95
    ';' reduce 13
    . error

    band goto 3
    block goto 4
    bor goto 5
    bxor goto 6
    eql goto 7
    expr goto 8
    initStmt goto 9
    land goto 10
    lor goto 11
    mult goto 12
    primary goto 13
    add goto 14
    rel goto 15
    stepStmt goto 16
    stmt goto 17
    type goto 18
    unary goto 19
    varDecl goto 20

state 69 (entry on unary)
    unary : '~' unary_    (54)

    '>' reduce 54
    ';' reduce 54
    NEQ reduce 54
    '/' reduce 54
    '-' reduce 54
    LTE reduce 54
    ',' reduce 54
    '<' reduce 54
    '+' reduce 54
    LOR reduce 54
    GTE reduce 54
    EQL reduce 54
    '*' reduce 54
    ')' reduce 54
    LAND reduce 54
    '&' reduce 54
    '|' reduce 54
    '^' reduce 54
    ']' reduce 54
    . error

state 70 (entry on eql)
    band : band '&' eql_    (35)
    eql : eql_NEQ rel    (37)
    eql : eql_EQL rel    (38)

    EQL shift 40
    NEQ shift 41
    ';' reduce 35
    ',' reduce 35
    LOR reduce 35
    ')' reduce 35
    LAND reduce 35
    '&' reduce 35
    '|' reduce 35
    '^' reduce 35
    ']' reduce 35
    . error

state 71 (entry on bxor)
    bor : bor '|' bxor_    (31)
    bxor : bxor_'^' band    (33)

    '^' shift 39
    ';' reduce 31
    ',' reduce 31
    LOR reduce 31
    ')' reduce 31
    LAND reduce 31
    '|' reduce 31
    ']' reduce 31
    . error

state 72 (entry on band)
    band : band_'&' eql    (35)
    bxor : bxor '^' band_    (33)

    '&' shift 37
    ';' reduce 33
    ',' reduce 33
    LOR reduce 33
    ')' reduce 33
    LAND reduce 33
    '|' reduce 33
    '^' reduce 33
    ']' reduce 33
    . error

state 73 (entry on rel)
    eql : eql EQL rel_    (38)
    rel : rel_'<' add    (40)
    rel : rel_'>' add    (41)
    rel : rel_LTE add    (42)
    rel : rel_GTE add    (43)

    GTE shift 49
    LTE shift 50
    '<' shift 51
    '>' shift 52
    ';' reduce 38
    NEQ reduce 38
    ',' reduce 38
    LOR reduce 38
    EQL reduce 38
    ')' reduce 38
    LAND reduce 38
    '&' reduce 38
    '|' reduce 38
    '^' reduce 38
    ']' reduce 38
    . error

state 74 (entry on rel)
    eql : eql NEQ rel_    (37)
    rel : rel_'<' add    (40)
    rel : rel_'>' add    (41)
    rel : rel_LTE add    (42)
    rel : rel_GTE add    (43)

    GTE shift 49
    LTE shift 50
    '<' shift 51
    '>' shift 52
    ';' reduce 37
    NEQ reduce 37
    ',' reduce 37
    LOR reduce 37
    EQL reduce 37
    ')' reduce 37
    LAND reduce 37
    '&' reduce 37
    '|' reduce 37
    '^' reduce 37
    ']' reduce 37
    . error

state 75 (entry on bor)
    bor : bor_'|' bxor    (31)
    land : land LAND bor_    (29)

    '|' shift 38
    ';' reduce 29
    ',' reduce 29
    LOR reduce 29
    ')' reduce 29
    LAND reduce 29
    ']' reduce 29
    . error

state 76 (entry on land)
    land : land_LAND bor    (29)
    lor : lor LOR land_    (27)

    LAND shift 43
    ';' reduce 27
    ',' reduce 27
    LOR reduce 27
    ')' reduce 27
    ']' reduce 27
    . error

state 77 (entry on unary)
    mult : mult '*' unary_    (48)

    '>' reduce 48
    ';' reduce 48
    NEQ reduce 48
    '/' reduce 48
    '-' reduce 48
    LTE reduce 48
    ',' reduce 48
    '<' reduce 48
    '+' reduce 48
    LOR reduce 48
    GTE reduce 48
    EQL reduce 48
    '*' reduce 48
    ')' reduce 48
    LAND reduce 48
    '&' reduce 48
    '|' reduce 48
    '^' reduce 48
    ']' reduce 48
    . error

state 78 (entry on unary)
    mult : mult '/' unary_    (49)

    '>' reduce 49
    ';' reduce 49
    NEQ reduce 49
    '/' reduce 49
    '-' reduce 49
    LTE reduce 49
    ',' reduce 49
    '<' reduce 49
    '+' reduce 49
    LOR reduce 49
    GTE reduce 49
    EQL reduce 49
    '*' reduce 49
    ')' reduce 49
    LAND reduce 49
    '&' reduce 49
    '|' reduce 49
    '^' reduce 49
    ']' reduce 49
    . error

state 79 (entry on mult)
    mult : mult_'*' unary    (48)
    mult : mult_'/' unary    (49)
    add : add '+' mult_    (45)

    '*' shift 45
    '/' shift 46
    '>' reduce 45
    ';' reduce 45
    NEQ reduce 45
    '-' reduce 45
    LTE reduce 45
    '<' reduce 45
    ',' reduce 45
    '+' reduce 45
    LOR reduce 45
    GTE reduce 45
    EQL reduce 45
    ')' reduce 45
    LAND reduce 45
    '&' reduce 45
    '|' reduce 45
    '^' reduce 45
    ']' reduce 45
    . error

state 80 (entry on mult)
    mult : mult_'*' unary    (48)
    mult : mult_'/' unary    (49)
    add : add '-' mult_    (46)

    '*' shift 45
    '/' shift 46
    '>' reduce 46
    ';' reduce 46
    NEQ reduce 46
    '-' reduce 46
    LTE reduce 46
    '<' reduce 46
    ',' reduce 46
    '+' reduce 46
    LOR reduce 46
    GTE reduce 46
    EQL reduce 46
    ')' reduce 46
    LAND reduce 46
    '&' reduce 46
    '|' reduce 46
    '^' reduce 46
    ']' reduce 46
    . error

state 81 (entry on add)
    add : add_'+' mult    (45)
    add : add_'-' mult    (46)
    rel : rel GTE add_    (43)

    '+' shift 47
    '-' shift 48
    '>' reduce 43
    '<' reduce 43
    ';' reduce 43
    NEQ reduce 43
    LTE reduce 43
    ',' reduce 43
    LOR reduce 43
    GTE reduce 43
    EQL reduce 43
    ')' reduce 43
    LAND reduce 43
    '&' reduce 43
    '|' reduce 43
    '^' reduce 43
    ']' reduce 43
    . error

state 82 (entry on add)
    add : add_'+' mult    (45)
    add : add_'-' mult    (46)
    rel : rel LTE add_    (42)

    '+' shift 47
    '-' shift 48
    '>' reduce 42
    '<' reduce 42
    ';' reduce 42
    NEQ reduce 42
    LTE reduce 42
    ',' reduce 42
    LOR reduce 42
    GTE reduce 42
    EQL reduce 42
    ')' reduce 42
    LAND reduce 42
    '&' reduce 42
    '|' reduce 42
    '^' reduce 42
    ']' reduce 42
    . error

state 83 (entry on add)
    add : add_'+' mult    (45)
    add : add_'-' mult    (46)
    rel : rel '<' add_    (40)

    '+' shift 47
    '-' shift 48
    '>' reduce 40
    '<' reduce 40
    ';' reduce 40
    NEQ reduce 40
    LTE reduce 40
    ',' reduce 40
    LOR reduce 40
    GTE reduce 40
    EQL reduce 40
    ')' reduce 40
    LAND reduce 40
    '&' reduce 40
    '|' reduce 40
    '^' reduce 40
    ']' reduce 40
    . error

state 84 (entry on add)
    add : add_'+' mult    (45)
    add : add_'-' mult    (46)
    rel : rel '>' add_    (41)

    '+' shift 47
    '-' shift 48
    '>' reduce 41
    '<' reduce 41
    ';' reduce 41
    NEQ reduce 41
    LTE reduce 41
    ',' reduce 41
    LOR reduce 41
    GTE reduce 41
    EQL reduce 41
    ')' reduce 41
    LAND reduce 41
    '&' reduce 41
    '|' reduce 41
    '^' reduce 41
    ']' reduce 41
    . error

state 85 (entry on '=')
    varIntro : IDENT '='_expr    (20)

    FALSE shift 22
    IDENT shift 24
    INTLIT shift 27
    TRUE shift 29
    '!' shift 31
    '(' shift 32
    '+' shift 33
    '-' shift 34
    '~' shift 36
    . error

    band goto 3
    bor goto 5
    bxor goto 6
    eql goto 7
    expr goto 96
    land goto 10
    lor goto 11
    mult goto 12
    primary goto 13
    add goto 14
    rel goto 15
    unary goto 19

state 86 (entry on varIntro)
    varDecl : varDecl ',' varIntro_    (18)

    ';' reduce 18
    ',' reduce 18
    . error

state 87 (entry on initStmt)
    stmt : FOR '(' initStmt_';' stepStmt ';' stepStmt ')' stmt    (10)

    ';' shift 97
    . error

state 88 (entry on expr)
    expr : IDENT '=' expr_    (25)

    ';' reduce 25
    ',' reduce 25
    ')' reduce 25
    ']' reduce 25
    . error

state 89 (entry on expr)
    primary : IDENT '[' expr_']'    (61)

    ']' shift 98
    . error

90: shift/reduce conflict (shift 99 and red'n 8) on ELSE
state 90 (entry on stmt)
    stmt : IF test stmt_ELSE stmt    (7)
    stmt : IF test stmt_    (8)

    ELSE shift 99
    PRINT reduce 8
    ';' reduce 8
    IDENT reduce 8
    '-' reduce 8
    '+' reduce 8
    '(' reduce 8
    INTLIT reduce 8
    FOR reduce 8
    '!' reduce 8
    '}' reduce 8
    INT reduce 8
    '{' reduce 8
    WHILE reduce 8
    TRUE reduce 8
    IF reduce 8
    FALSE reduce 8
    '~' reduce 8
    $end reduce 8
    BOOLEAN reduce 8
    . error

state 91 (entry on expr)
    test : '(' expr_')'    (16)

    ')' shift 100
    . error

state 92 (entry on ';')
    stmt : PRINT expr ';'_    (9)

    LTE error
    '<' error
    '=' error
    '/' error
    ',' error
    ')' error
    '^' error
    '>' error
    NEQ error
    LAND error
    GTE error
    EQL error
    LOR error
    '*' error
    error error
    '|' error
    ']' error
    '[' error
    '&' error
    . reduce 9

state 93 (entry on stmt)
    stmt : WHILE test stmt_    (6)

    LTE error
    '<' error
    '=' error
    '/' error
    ',' error
    ')' error
    '^' error
    '>' error
    NEQ error
    LAND error
    GTE error
    EQL error
    LOR error
    '*' error
    error error
    '|' error
    ']' error
    '[' error
    '&' error
    . reduce 6

state 94 (entry on ')')
    primary : '(' expr ')'_    (60)

    '>' reduce 60
    ';' reduce 60
    NEQ reduce 60
    '/' reduce 60
    '-' reduce 60
    LTE reduce 60
    ',' reduce 60
    '<' reduce 60
    '+' reduce 60
    LOR reduce 60
    GTE reduce 60
    EQL reduce 60
    '*' reduce 60
    ')' reduce 60
    LAND reduce 60
    '&' reduce 60
    '|' reduce 60
    '^' reduce 60
    ']' reduce 60
    . error

state 95 (entry on '}')
    block : '{' stmts '}'_    (15)

    LTE error
    '<' error
    '=' error
    '/' error
    ',' error
    ')' error
    '^' error
    '>' error
    NEQ error
    LAND error
    GTE error
    EQL error
    LOR error
    '*' error
    error error
    '|' error
    ']' error
    '[' error
    '&' error
    . reduce 15

state 96 (entry on expr)
    varIntro : IDENT '=' expr_    (20)

    ';' reduce 20
    ',' reduce 20
    . error

state 97 (entry on ';')
    stepStmt : _    (13)
    stmt : FOR '(' initStmt ';'_stepStmt ';' stepStmt ')' stmt    (10)

    FALSE shift 22
    IDENT shift 24
    INTLIT shift 27
    TRUE shift 29
    '!' shift 31
    '(' shift 32
    '+' shift 33
    '-' shift 34
    '~' shift 36
    ';' reduce 13
    . error

    band goto 3
    bor goto 5
    bxor goto 6
    eql goto 7
    expr goto 8
    land goto 10
    lor goto 11
    mult goto 12
    primary goto 13
    add goto 14
    rel goto 15
    stepStmt goto 101
    unary goto 19

state 98 (entry on ']')
    primary : IDENT '[' expr ']'_    (61)

    '>' reduce 61
    ';' reduce 61
    NEQ reduce 61
    '/' reduce 61
    '-' reduce 61
    LTE reduce 61
    ',' reduce 61
    '<' reduce 61
    '+' reduce 61
    LOR reduce 61
    GTE reduce 61
    EQL reduce 61
    '*' reduce 61
    ')' reduce 61
    LAND reduce 61
    '&' reduce 61
    '|' reduce 61
    '^' reduce 61
    ']' reduce 61
    . error

state 99 (entry on ELSE)
    stepStmt : _    (13)
    stmt : IF test stmt ELSE_stmt    (7)

    BOOLEAN shift 21
    FALSE shift 22
    FOR shift 23
    IDENT shift 24
    IF shift 25
    INT shift 26
    INTLIT shift 27
    PRINT shift 28
    TRUE shift 29
    WHILE shift 30
    '!' shift 31
    '(' shift 32
    '+' shift 33
    '-' shift 34
    '{' shift 35
    '~' shift 36
    ';' reduce 13
    . error

    band goto 3
    block goto 4
    bor goto 5
    bxor goto 6
    eql goto 7
    expr goto 8
    initStmt goto 9
    land goto 10
    lor goto 11
    mult goto 12
    primary goto 13
    add goto 14
    rel goto 15
    stepStmt goto 16
    stmt goto 102
    type goto 18
    unary goto 19
    varDecl goto 20

state 100 (entry on ')')
    test : '(' expr ')'_    (16)

    PRINT reduce 16
    ';' reduce 16
    IDENT reduce 16
    '-' reduce 16
    '+' reduce 16
    '(' reduce 16
    INTLIT reduce 16
    FOR reduce 16
    '!' reduce 16
    INT reduce 16
    '{' reduce 16
    WHILE reduce 16
    TRUE reduce 16
    IF reduce 16
    '~' reduce 16
    FALSE reduce 16
    BOOLEAN reduce 16
    . error

state 101 (entry on stepStmt)
    stmt : FOR '(' initStmt ';' stepStmt_';' stepStmt ')' stmt    (10)

    ';' shift 103
    . error

state 102 (entry on stmt)
    stmt : IF test stmt ELSE stmt_    (7)

    LTE error
    '<' error
    '=' error
    '/' error
    ',' error
    ')' error
    '^' error
    '>' error
    NEQ error
    LAND error
    GTE error
    EQL error
    LOR error
    '*' error
    error error
    '|' error
    ']' error
    '[' error
    '&' error
    . reduce 7

state 103 (entry on ';')
    stepStmt : _    (13)
    stmt : FOR '(' initStmt ';' stepStmt ';'_stepStmt ')' stmt    (10)

    FALSE shift 22
    IDENT shift 24
    INTLIT shift 27
    TRUE shift 29
    '!' shift 31
    '(' shift 32
    '+' shift 33
    '-' shift 34
    '~' shift 36
    ')' reduce 13
    . error

    band goto 3
    bor goto 5
    bxor goto 6
    eql goto 7
    expr goto 8
    land goto 10
    lor goto 11
    mult goto 12
    primary goto 13
    add goto 14
    rel goto 15
    stepStmt goto 104
    unary goto 19

state 104 (entry on stepStmt)
    stmt : FOR '(' initStmt ';' stepStmt ';' stepStmt_')' stmt    (10)

    ')' shift 105
    . error

state 105 (entry on ')')
    stepStmt : _    (13)
    stmt : FOR '(' initStmt ';' stepStmt ';' stepStmt ')'_stmt    (10)

    BOOLEAN shift 21
    FALSE shift 22
    FOR shift 23
    IDENT shift 24
    IF shift 25
    INT shift 26
    INTLIT shift 27
    PRINT shift 28
    TRUE shift 29
    WHILE shift 30
    '!' shift 31
    '(' shift 32
    '+' shift 33
    '-' shift 34
    '{' shift 35
    '~' shift 36
    ';' reduce 13
    . error

    band goto 3
    block goto 4
    bor goto 5
    bxor goto 6
    eql goto 7
    expr goto 8
    initStmt goto 9
    land goto 10
    lor goto 11
    mult goto 12
    primary goto 13
    add goto 14
    rel goto 15
    stepStmt goto 16
    stmt goto 106
    type goto 18
    unary goto 19
    varDecl goto 20

state 106 (entry on stmt)
    stmt : FOR '(' initStmt ';' stepStmt ';' stepStmt ')' stmt_    (10)

    LTE error
    '<' error
    '=' error
    '/' error
    ',' error
    ')' error
    '^' error
    '>' error
    NEQ error
    LAND error
    GTE error
    EQL error
    LOR error
    '*' error
    error error
    '|' error
    ']' error
    '[' error
    '&' error
    . reduce 10

Rule not reduced: arrType : type
Rule not reduced: arrType : type '[' ']'

39 terminals, 23 nonterminals;
61 grammar rules, 107 states;
1 shift/reduce and 0 reduce/reduce conflicts reported.
